[19:34:37.712] [DEBUG] - Using Log4J2 as the default logging framework (InternalLoggerFactory:76) 
[19:34:37.720] [DEBUG] - -Dio.netty.leakDetection.level: simple (ResourceLeakDetector:129) 
[19:34:37.720] [DEBUG] - -Dio.netty.leakDetection.targetRecords: 4 (ResourceLeakDetector:130) 
[19:34:37.725] [DEBUG] - Loaded default ResourceLeakDetector: io.netty.util.ResourceLeakDetector@1280851e (ResourceLeakDetectorFactory:196) 
[19:34:37.743] [DEBUG] - -Dio.netty.noUnsafe: false (PlatformDependent0:496) 
[19:34:37.743] [DEBUG] - Java version: 11 (PlatformDependent0:1000) 
[19:34:37.745] [DEBUG] - sun.misc.Unsafe.theUnsafe: available (PlatformDependent0:137) 
[19:34:37.746] [DEBUG] - sun.misc.Unsafe.copyMemory: available (PlatformDependent0:161) 
[19:34:37.747] [DEBUG] - sun.misc.Unsafe.storeFence: available (PlatformDependent0:193) 
[19:34:37.747] [DEBUG] - java.nio.Buffer.address: available (PlatformDependent0:236) 
[19:34:37.748] [DEBUG] - direct buffer constructor: unavailable (PlatformDependent0:317) Reflective setAccessible(true) disabled
[19:34:37.749] [DEBUG] - java.nio.Bits.unaligned: available, true (PlatformDependent0:385) 
[19:34:37.750] [DEBUG] - jdk.internal.misc.Unsafe.allocateUninitializedArray(int): unavailable (PlatformDependent0:449) class io.netty.util.internal.PlatformDependent0$7 cannot access class jdk.internal.misc.Unsafe (in module java.base) because module java.base does not export jdk.internal.misc to unnamed module @7906578e
[19:34:37.752] [DEBUG] - java.nio.DirectByteBuffer.<init>(long, int): unavailable (PlatformDependent0:482) 
[19:34:37.752] [DEBUG] - sun.misc.Unsafe: available (PlatformDependent:1159) 
[19:34:37.753] [DEBUG] - maxDirectMemory: 2095054848 bytes (maybe) (PlatformDependent:1270) 
[19:34:37.753] [DEBUG] - -Dio.netty.tmpdir: C:\Users\rahul\AppData\Local\Temp (java.io.tmpdir) (PlatformDependent:1289) 
[19:34:37.753] [DEBUG] - -Dio.netty.bitMode: 64 (sun.arch.data.model) (PlatformDependent:1368) 
[19:34:37.754] [DEBUG] - Platform: Windows (PlatformDependent:1119) 
[19:34:37.754] [DEBUG] - -Dio.netty.maxDirectMemory: -1 bytes (PlatformDependent:178) 
[19:34:37.755] [DEBUG] - -Dio.netty.uninitializedArrayAllocationThreshold: -1 (PlatformDependent:185) 
[19:34:37.756] [DEBUG] - java.nio.ByteBuffer.cleaner(): available (CleanerJava9:71) 
[19:34:37.756] [DEBUG] - -Dio.netty.noPreferDirect: false (PlatformDependent:205) 
[19:34:37.764] [DEBUG] - org.jctools-core.MpscChunkedArrayQueue: available (PlatformDependent:1010) 
[19:34:37.787] [DEBUG] - -Dio.netty.threadLocalMap.stringBuilder.initialSize: 1024 (InternalThreadLocalMap:100) 
[19:34:37.787] [DEBUG] - -Dio.netty.threadLocalMap.stringBuilder.maxSize: 4096 (InternalThreadLocalMap:101) 
[19:34:37.975] [DEBUG] - Default protocols (JDK): [TLSv1.3, TLSv1.2]  (JdkSslContext:83) 
[19:34:37.975] [DEBUG] - Default cipher suites (JDK): [TLS_ECDHE_ECDSA_WITH_AES_256_GCM_SHA384, TLS_ECDHE_ECDSA_WITH_AES_128_GCM_SHA256, TLS_ECDHE_RSA_WITH_AES_128_GCM_SHA256, TLS_ECDHE_RSA_WITH_AES_256_GCM_SHA384, TLS_ECDHE_RSA_WITH_AES_128_CBC_SHA, TLS_ECDHE_RSA_WITH_AES_256_CBC_SHA, TLS_RSA_WITH_AES_128_GCM_SHA256, TLS_RSA_WITH_AES_128_CBC_SHA, TLS_RSA_WITH_AES_256_CBC_SHA, TLS_AES_128_GCM_SHA256, TLS_AES_256_GCM_SHA384] (JdkSslContext:84) 
[19:34:37.991] [DEBUG] - -Dio.netty.globalEventExecutor.quietPeriodSeconds: 1 (GlobalEventExecutor:53) 
[19:34:38.005] [DEBUG] - -Dio.netty.eventLoopThreads: 16 (MultithreadEventLoopGroup:44) 
[19:34:38.013] [DEBUG] - -Dio.netty.noKeySetOptimization: false (NioEventLoop:110) 
[19:34:38.013] [DEBUG] - -Dio.netty.selectorAutoRebuildThreshold: 512 (NioEventLoop:111) 
[19:34:38.028] [TRACE] - instrumented a special java.util.Set into: sun.nio.ch.WindowsSelectorImpl@2b98b3bb (NioEventLoop:264) 
[19:34:38.030] [TRACE] - instrumented a special java.util.Set into: sun.nio.ch.WindowsSelectorImpl@3730ab42 (NioEventLoop:264) 
[19:34:38.032] [TRACE] - instrumented a special java.util.Set into: sun.nio.ch.WindowsSelectorImpl@537c8c7e (NioEventLoop:264) 
[19:34:38.032] [TRACE] - instrumented a special java.util.Set into: sun.nio.ch.WindowsSelectorImpl@7308ffff (NioEventLoop:264) 
[19:34:38.033] [TRACE] - instrumented a special java.util.Set into: sun.nio.ch.WindowsSelectorImpl@6601cc93 (NioEventLoop:264) 
[19:34:38.034] [TRACE] - instrumented a special java.util.Set into: sun.nio.ch.WindowsSelectorImpl@54d901aa (NioEventLoop:264) 
[19:34:38.035] [TRACE] - instrumented a special java.util.Set into: sun.nio.ch.WindowsSelectorImpl@63716833 (NioEventLoop:264) 
[19:34:38.037] [TRACE] - instrumented a special java.util.Set into: sun.nio.ch.WindowsSelectorImpl@573284a5 (NioEventLoop:264) 
[19:34:38.038] [TRACE] - instrumented a special java.util.Set into: sun.nio.ch.WindowsSelectorImpl@3fbfbf84 (NioEventLoop:264) 
[19:34:38.039] [TRACE] - instrumented a special java.util.Set into: sun.nio.ch.WindowsSelectorImpl@23f72d88 (NioEventLoop:264) 
[19:34:38.039] [TRACE] - instrumented a special java.util.Set into: sun.nio.ch.WindowsSelectorImpl@4bafe935 (NioEventLoop:264) 
[19:34:38.040] [TRACE] - instrumented a special java.util.Set into: sun.nio.ch.WindowsSelectorImpl@87b5b49 (NioEventLoop:264) 
[19:34:38.041] [TRACE] - instrumented a special java.util.Set into: sun.nio.ch.WindowsSelectorImpl@4a7a965d (NioEventLoop:264) 
[19:34:38.042] [TRACE] - instrumented a special java.util.Set into: sun.nio.ch.WindowsSelectorImpl@507b79f7 (NioEventLoop:264) 
[19:34:38.043] [TRACE] - instrumented a special java.util.Set into: sun.nio.ch.WindowsSelectorImpl@64a9d48c (NioEventLoop:264) 
[19:34:38.045] [TRACE] - instrumented a special java.util.Set into: sun.nio.ch.WindowsSelectorImpl@365a6a43 (NioEventLoop:264) 
[19:34:38.065] [DEBUG] - -Dio.netty.allocator.numHeapArenas: 16 (PooledByteBufAllocator:157) 
[19:34:38.065] [DEBUG] - -Dio.netty.allocator.numDirectArenas: 16 (PooledByteBufAllocator:158) 
[19:34:38.065] [DEBUG] - -Dio.netty.allocator.pageSize: 8192 (PooledByteBufAllocator:160) 
[19:34:38.065] [DEBUG] - -Dio.netty.allocator.maxOrder: 9 (PooledByteBufAllocator:165) 
[19:34:38.065] [DEBUG] - -Dio.netty.allocator.chunkSize: 4194304 (PooledByteBufAllocator:169) 
[19:34:38.066] [DEBUG] - -Dio.netty.allocator.smallCacheSize: 256 (PooledByteBufAllocator:170) 
[19:34:38.066] [DEBUG] - -Dio.netty.allocator.normalCacheSize: 64 (PooledByteBufAllocator:171) 
[19:34:38.066] [DEBUG] - -Dio.netty.allocator.maxCachedBufferCapacity: 32768 (PooledByteBufAllocator:172) 
[19:34:38.066] [DEBUG] - -Dio.netty.allocator.cacheTrimInterval: 8192 (PooledByteBufAllocator:173) 
[19:34:38.066] [DEBUG] - -Dio.netty.allocator.cacheTrimIntervalMillis: 0 (PooledByteBufAllocator:174) 
[19:34:38.066] [DEBUG] - -Dio.netty.allocator.useCacheForAllThreads: false (PooledByteBufAllocator:175) 
[19:34:38.067] [DEBUG] - -Dio.netty.allocator.maxCachedByteBuffersPerChunk: 1023 (PooledByteBufAllocator:176) 
[19:34:38.077] [DEBUG] - -Dio.netty.allocator.type: pooled (ByteBufUtil:88) 
[19:34:38.077] [DEBUG] - -Dio.netty.threadLocalDirectBufferSize: 0 (ByteBufUtil:97) 
[19:34:38.078] [DEBUG] - -Dio.netty.maxThreadLocalCharBufferSize: 16384 (ByteBufUtil:100) 
[19:34:38.300] [DEBUG] - -Dio.netty.processId: 20848 (auto-detected) (DefaultChannelId:79) 
[19:34:38.303] [DEBUG] - -Djava.net.preferIPv4Stack: false (NetUtil:148) 
[19:34:38.303] [DEBUG] - -Djava.net.preferIPv6Addresses: false (NetUtil:149) 
[19:34:38.417] [DEBUG] - Loopback interface: lo (Software Loopback Interface 1, 127.0.0.1) (NetUtilInitializations:145) 
[19:34:38.419] [DEBUG] - Failed to get SOMAXCONN from sysctl and file \proc\sys\net\core\somaxconn. Default: 200 (NetUtil:206) 
[19:34:38.425] [DEBUG] - -Dio.netty.machineId: 94:e7:0b:ff:fe:74:c3:45 (auto-detected) (DefaultChannelId:101) 
[19:34:38.488] [DEBUG] - -Dio.netty.buffer.checkAccessible: true (AbstractByteBuf:63) 
[19:34:38.489] [DEBUG] - -Dio.netty.buffer.checkBounds: true (AbstractByteBuf:64) 
[19:34:38.489] [DEBUG] - Loaded default ResourceLeakDetector: io.netty.util.ResourceLeakDetector@1da0668f (ResourceLeakDetectorFactory:196) 
[19:34:38.528] [DEBUG] - -Dio.netty.recycler.maxCapacityPerThread: 4096 (Recycler:96) 
[19:34:38.528] [DEBUG] - -Dio.netty.recycler.ratio: 8 (Recycler:97) 
[19:34:38.528] [DEBUG] - -Dio.netty.recycler.chunkSize: 32 (Recycler:98) 
[19:34:38.529] [DEBUG] - -Dio.netty.recycler.blocking: false (Recycler:99) 
[19:34:38.529] [DEBUG] - -Dio.netty.recycler.batchFastThreadLocalOnly: true (Recycler:100) 
[19:34:44.232] [DEBUG] - brotli4j not in the classpath; Brotli support will be unavailable. (Brotli:38) 
